<?xml version="1.0" encoding="UTF-8"?>
<testsuite xmlns:xsi="http://www.w3.org/2001/XMLSchema-instance" xsi:noNamespaceSchemaLocation="https://maven.apache.org/surefire/maven-surefire-plugin/xsd/surefire-test-report-3.0.xsd" version="3.0" name="com.hospital.controller.AuthControllerTest" time="5.668" tests="6" errors="0" skipped="0" failures="0">
  <properties>
[...]
</properties>
  <testcase name="registerSuccess" classname="com.hospital.controller.AuthControllerTest" time="0.646">
    <system-out><![CDATA[17:09:38.717 [main] INFO org.springframework.test.context.support.AnnotationConfigContextLoaderUtils -- Could not detect default configuration classes for test class [com.hospital.controller.AuthControllerTest]: AuthControllerTest does not declare any static, non-private, non-final, nested classes annotated with @Configuration.
17:09:38.955 [main] INFO org.springframework.boot.test.context.SpringBootTestContextBootstrapper -- Found @SpringBootConfiguration com.hospital.HospitalManagementApplication for test class com.hospital.controller.AuthControllerTest

  .   ____          _            __ _ _
 /\\ / ___'_ __ _ _(_)_ __  __ _ \ \ \ \
( ( )\___ | '_ | '_| | '_ \/ _` | \ \ \ \
 \\/  ___)| |_)| | | | | || (_| |  ) ) ) )
  '  |____| .__|_| |_|_| |_\__, | / / / /
 =========|_|==============|___/=/_/_/_/
 :: Spring Boot ::                (v3.2.3)

2025-05-17T17:09:39.531+05:30  INFO 133890 --- [           main] c.h.controller.AuthControllerTest        : Starting AuthControllerTest using Java 17.0.15 with PID 133890 (started by lenovo in /home/lenovo/SPE_HeartAttack/backend)
2025-05-17T17:09:39.533+05:30  INFO 133890 --- [           main] c.h.controller.AuthControllerTest        : No active profile set, falling back to 1 default profile: "default"
2025-05-17T17:09:39.556+05:30 DEBUG 133890 --- [           main] o.s.w.c.s.GenericWebApplicationContext   : Refreshing org.springframework.web.context.support.GenericWebApplicationContext@199e4c2b
2025-05-17T17:09:42.552+05:30 DEBUG 133890 --- [           main] s.w.s.m.m.a.RequestMappingHandlerMapping : 4 mappings in 'requestMappingHandlerMapping'
2025-05-17T17:09:42.710+05:30 DEBUG 133890 --- [           main] o.s.w.s.handler.SimpleUrlHandlerMapping  : Patterns [/webjars/**, /**] in 'resourceHandlerMapping'
2025-05-17T17:09:42.803+05:30  INFO 133890 --- [           main] o.s.s.web.DefaultSecurityFilterChain     : Will secure any request with [org.springframework.security.web.session.DisableEncodeUrlFilter@7254838, org.springframework.security.web.context.request.async.WebAsyncManagerIntegrationFilter@39374689, org.springframework.security.web.context.SecurityContextHolderFilter@134d7ffa, org.springframework.security.web.header.HeaderWriterFilter@6dd20ec9, org.springframework.web.filter.CorsFilter@2e204155, org.springframework.security.web.authentication.logout.LogoutFilter@7645e64, org.springframework.security.web.savedrequest.RequestCacheAwareFilter@24405466, org.springframework.security.web.servletapi.SecurityContextHolderAwareRequestFilter@35010a6b, org.springframework.security.web.authentication.AnonymousAuthenticationFilter@27dc335a, org.springframework.security.web.access.ExceptionTranslationFilter@399af6dc, org.springframework.security.web.access.intercept.AuthorizationFilter@42ff9a77]
2025-05-17T17:09:42.833+05:30  INFO 133890 --- [           main] o.s.s.web.DefaultSecurityFilterChain     : Will secure any request with [org.springframework.security.web.session.DisableEncodeUrlFilter@1c92a549, org.springframework.security.web.context.request.async.WebAsyncManagerIntegrationFilter@323e026d, org.springframework.security.web.context.SecurityContextHolderFilter@65fc8edc, org.springframework.security.web.header.HeaderWriterFilter@30af23fd, org.springframework.web.filter.CorsFilter@1716c037, org.springframework.security.web.authentication.logout.LogoutFilter@3f322610, org.springframework.security.web.savedrequest.RequestCacheAwareFilter@a357c3e, org.springframework.security.web.servletapi.SecurityContextHolderAwareRequestFilter@7740b0ab, org.springframework.security.web.authentication.AnonymousAuthenticationFilter@79b63325, org.springframework.security.web.access.ExceptionTranslationFilter@7ea07516, org.springframework.security.web.access.intercept.AuthorizationFilter@6cf047cf]
2025-05-17T17:09:43.069+05:30 DEBUG 133890 --- [           main] s.w.s.m.m.a.RequestMappingHandlerAdapter : ControllerAdvice beans: 0 @ModelAttribute, 0 @InitBinder, 1 RequestBodyAdvice, 1 ResponseBodyAdvice
2025-05-17T17:09:43.116+05:30 DEBUG 133890 --- [           main] .m.m.a.ExceptionHandlerExceptionResolver : ControllerAdvice beans: 1 @ExceptionHandler, 1 ResponseBodyAdvice
2025-05-17T17:09:43.277+05:30  INFO 133890 --- [           main] o.s.b.t.m.w.SpringBootMockServletContext : Initializing Spring TestDispatcherServlet ''
2025-05-17T17:09:43.277+05:30  INFO 133890 --- [           main] o.s.t.web.servlet.TestDispatcherServlet  : Initializing Servlet ''
2025-05-17T17:09:43.280+05:30  INFO 133890 --- [           main] o.s.t.web.servlet.TestDispatcherServlet  : Completed initialization in 2 ms
2025-05-17T17:09:43.333+05:30  INFO 133890 --- [           main] c.h.controller.AuthControllerTest        : Started AuthControllerTest in 4.28 seconds (process running for 5.553)
2025-05-17T17:09:43.478+05:30 DEBUG 133890 --- [           main] o.s.security.web.FilterChainProxy        : Securing POST /api/auth/register
2025-05-17T17:09:43.487+05:30 DEBUG 133890 --- [           main] o.s.security.web.FilterChainProxy        : Secured POST /api/auth/register
2025-05-17T17:09:43.492+05:30 DEBUG 133890 --- [           main] s.w.s.m.m.a.RequestMappingHandlerMapping : Mapped to com.hospital.controller.AuthController#register(RegisterRequest)
2025-05-17T17:09:43.579+05:30 DEBUG 133890 --- [           main] m.m.a.RequestResponseBodyMethodProcessor : Read "application/json;charset=UTF-8" to [RegisterRequest(username=testuser, firstName=Test, lastName=User, email=test@example.com, password=T (truncated)...]
2025-05-17T17:09:43.899+05:30 DEBUG 133890 --- [           main] o.s.w.s.m.m.a.HttpEntityMethodProcessor  : Using 'application/json', given [*/*] and supported [application/json, application/*+json]
2025-05-17T17:09:43.901+05:30 DEBUG 133890 --- [           main] o.s.w.s.m.m.a.HttpEntityMethodProcessor  : Writing [JwtAuthResponse(token=dummy.jwt.token, tokenType=Bearer, username=testuser, email=test@example.com,  (truncated)...]
2025-05-17T17:09:43.914+05:30 DEBUG 133890 --- [           main] o.s.s.w.a.AnonymousAuthenticationFilter  : Set SecurityContextHolder to anonymous SecurityContext
]]></system-out>
  </testcase>
  <testcase name="registerWithExistingEmail" classname="com.hospital.controller.AuthControllerTest" time="0.036">
    <system-out><![CDATA[2025-05-17T17:09:44.007+05:30 DEBUG 133890 --- [           main] o.s.security.web.FilterChainProxy        : Securing POST /api/auth/register
2025-05-17T17:09:44.007+05:30 DEBUG 133890 --- [           main] o.s.security.web.FilterChainProxy        : Secured POST /api/auth/register
2025-05-17T17:09:44.008+05:30 DEBUG 133890 --- [           main] s.w.s.m.m.a.RequestMappingHandlerMapping : Mapped to com.hospital.controller.AuthController#register(RegisterRequest)
2025-05-17T17:09:44.009+05:30 DEBUG 133890 --- [           main] m.m.a.RequestResponseBodyMethodProcessor : Read "application/json;charset=UTF-8" to [RegisterRequest(username=testuser, firstName=Test, lastName=User, email=test@example.com, password=T (truncated)...]
2025-05-17T17:09:44.013+05:30 DEBUG 133890 --- [           main] .m.m.a.ExceptionHandlerExceptionResolver : Using @ExceptionHandler com.hospital.exception.GlobalExceptionHandler#handleIllegalArgumentException(IllegalArgumentException, HttpServletRequest)
2025-05-17T17:09:44.023+05:30 DEBUG 133890 --- [           main] o.s.w.s.m.m.a.HttpEntityMethodProcessor  : Using 'application/json', given [*/*] and supported [application/json, application/*+json]
2025-05-17T17:09:44.029+05:30 DEBUG 133890 --- [           main] o.s.w.s.m.m.a.HttpEntityMethodProcessor  : Writing [ErrorResponse(timestamp=2025-05-17T17:09:44.014674354, status=400, error=Bad Request, message=Email  (truncated)...]
2025-05-17T17:09:44.030+05:30 DEBUG 133890 --- [           main] .m.m.a.ExceptionHandlerExceptionResolver : Resolved [java.lang.IllegalArgumentException: Email already exists]
2025-05-17T17:09:44.030+05:30 DEBUG 133890 --- [           main] o.s.s.w.a.AnonymousAuthenticationFilter  : Set SecurityContextHolder to anonymous SecurityContext
]]></system-out>
  </testcase>
  <testcase name="loginWithInvalidCredentials" classname="com.hospital.controller.AuthControllerTest" time="0.023">
    <system-out><![CDATA[2025-05-17T17:09:44.044+05:30 DEBUG 133890 --- [           main] o.s.security.web.FilterChainProxy        : Securing POST /api/auth/login
2025-05-17T17:09:44.045+05:30 DEBUG 133890 --- [           main] o.s.security.web.FilterChainProxy        : Secured POST /api/auth/login
2025-05-17T17:09:44.045+05:30 DEBUG 133890 --- [           main] s.w.s.m.m.a.RequestMappingHandlerMapping : Mapped to com.hospital.controller.AuthController#login(LoginRequest)
2025-05-17T17:09:44.048+05:30 DEBUG 133890 --- [           main] m.m.a.RequestResponseBodyMethodProcessor : Read "application/json;charset=UTF-8" to [LoginRequest(email=test@example.com, password=password123, role=PATIENT)]
2025-05-17T17:09:44.057+05:30 DEBUG 133890 --- [           main] .m.m.a.ExceptionHandlerExceptionResolver : Using @ExceptionHandler com.hospital.exception.GlobalExceptionHandler#handleBadCredentialsException(BadCredentialsException, HttpServletRequest)
2025-05-17T17:09:44.058+05:30 DEBUG 133890 --- [           main] o.s.w.s.m.m.a.HttpEntityMethodProcessor  : Using 'application/json', given [*/*] and supported [application/json, application/*+json]
2025-05-17T17:09:44.058+05:30 DEBUG 133890 --- [           main] o.s.w.s.m.m.a.HttpEntityMethodProcessor  : Writing [ErrorResponse(timestamp=2025-05-17T17:09:44.057675302, status=401, error=Unauthorized, message=Inval (truncated)...]
2025-05-17T17:09:44.059+05:30 DEBUG 133890 --- [           main] .m.m.a.ExceptionHandlerExceptionResolver : Resolved [org.springframework.security.authentication.BadCredentialsException: Invalid credentials]
2025-05-17T17:09:44.059+05:30 DEBUG 133890 --- [           main] o.s.s.w.a.AnonymousAuthenticationFilter  : Set SecurityContextHolder to anonymous SecurityContext
]]></system-out>
  </testcase>
  <testcase name="loginWithEmptyPassword" classname="com.hospital.controller.AuthControllerTest" time="0.03">
    <system-out><![CDATA[2025-05-17T17:09:44.070+05:30 DEBUG 133890 --- [           main] o.s.security.web.FilterChainProxy        : Securing POST /api/auth/login
2025-05-17T17:09:44.071+05:30 DEBUG 133890 --- [           main] o.s.security.web.FilterChainProxy        : Secured POST /api/auth/login
2025-05-17T17:09:44.071+05:30 DEBUG 133890 --- [           main] s.w.s.m.m.a.RequestMappingHandlerMapping : Mapped to com.hospital.controller.AuthController#login(LoginRequest)
2025-05-17T17:09:44.073+05:30 DEBUG 133890 --- [           main] m.m.a.RequestResponseBodyMethodProcessor : Read "application/json;charset=UTF-8" to [LoginRequest(email=test@example.com, password=, role=PATIENT)]
2025-05-17T17:09:44.083+05:30 DEBUG 133890 --- [           main] .m.m.a.ExceptionHandlerExceptionResolver : Using @ExceptionHandler com.hospital.exception.GlobalExceptionHandler#handleValidationException(MethodArgumentNotValidException, HttpServletRequest)
2025-05-17T17:09:44.085+05:30 DEBUG 133890 --- [           main] o.s.w.s.m.m.a.HttpEntityMethodProcessor  : Using 'application/json', given [*/*] and supported [application/json, application/*+json]
2025-05-17T17:09:44.086+05:30 DEBUG 133890 --- [           main] o.s.w.s.m.m.a.HttpEntityMethodProcessor  : Writing [ErrorResponse(timestamp=2025-05-17T17:09:44.084116394, status=400, error=Bad Request, message=Valida (truncated)...]
2025-05-17T17:09:44.091+05:30 DEBUG 133890 --- [           main] .m.m.a.ExceptionHandlerExceptionResolver : Resolved [org.springframework.web.bind.MethodArgumentNotValidException: Validation failed for argument [0] in public org.springframework.http.ResponseEntity<com.hospital.dto.JwtAuthResponse> com.hospital.controller.AuthController.login(com.hospital.dto.LoginRequest): [Field error in object 'loginRequest' on field 'password': rejected value []; codes [NotBlank.loginRequest.password,NotBlank.password,NotBlank.java.lang.String,NotBlank]; arguments [org.springframework.context.support.DefaultMessageSourceResolvable: codes [loginRequest.password,password]; arguments []; default message [password]]; default message [Password is required]] ]
2025-05-17T17:09:44.091+05:30 DEBUG 133890 --- [           main] o.s.s.w.a.AnonymousAuthenticationFilter  : Set SecurityContextHolder to anonymous SecurityContext
]]></system-out>
  </testcase>
  <testcase name="registerWithInvalidData" classname="com.hospital.controller.AuthControllerTest" time="0.019">
    <system-out><![CDATA[2025-05-17T17:09:44.102+05:30 DEBUG 133890 --- [           main] o.s.security.web.FilterChainProxy        : Securing POST /api/auth/register
2025-05-17T17:09:44.102+05:30 DEBUG 133890 --- [           main] o.s.security.web.FilterChainProxy        : Secured POST /api/auth/register
2025-05-17T17:09:44.103+05:30 DEBUG 133890 --- [           main] s.w.s.m.m.a.RequestMappingHandlerMapping : Mapped to com.hospital.controller.AuthController#register(RegisterRequest)
2025-05-17T17:09:44.105+05:30 DEBUG 133890 --- [           main] m.m.a.RequestResponseBodyMethodProcessor : Read "application/json;charset=UTF-8" to [RegisterRequest(username=testuser, firstName=Test, lastName=User, email=, password=, role=PATIENT, s (truncated)...]
2025-05-17T17:09:44.109+05:30 DEBUG 133890 --- [           main] .m.m.a.ExceptionHandlerExceptionResolver : Using @ExceptionHandler com.hospital.exception.GlobalExceptionHandler#handleValidationException(MethodArgumentNotValidException, HttpServletRequest)
2025-05-17T17:09:44.110+05:30 DEBUG 133890 --- [           main] o.s.w.s.m.m.a.HttpEntityMethodProcessor  : Using 'application/json', given [*/*] and supported [application/json, application/*+json]
2025-05-17T17:09:44.110+05:30 DEBUG 133890 --- [           main] o.s.w.s.m.m.a.HttpEntityMethodProcessor  : Writing [ErrorResponse(timestamp=2025-05-17T17:09:44.110048764, status=400, error=Bad Request, message=Valida (truncated)...]
2025-05-17T17:09:44.112+05:30 DEBUG 133890 --- [           main] .m.m.a.ExceptionHandlerExceptionResolver : Resolved [org.springframework.web.bind.MethodArgumentNotValidException: Validation failed for argument [0] in public org.springframework.http.ResponseEntity<com.hospital.dto.JwtAuthResponse> com.hospital.controller.AuthController.register(com.hospital.dto.RegisterRequest) with 3 errors: [Field error in object 'registerRequest' on field 'password': rejected value []; codes [Pattern.registerRequest.password,Pattern.password,Pattern.java.lang.String,Pattern]; arguments [org.springframework.context.support.DefaultMessageSourceResolvable: codes [registerRequest.password,password]; arguments []; default message [password],[Ljakarta.validation.constraints.Pattern$Flag;@73a116d,^(?=.*[0-9])(?=.*[a-z])(?=.*[A-Z])(?=.*[@#$%^&+=])(?=\S+$).{8,}$]; default message [Password must be at least 8 characters long and contain at least one digit, one uppercase letter, one lowercase letter, and one special character]] [Field error in object 'registerRequest' on field 'email': rejected value []; codes [NotBlank.registerRequest.email,NotBlank.email,NotBlank.java.lang.String,NotBlank]; arguments [org.springframework.context.support.DefaultMessageSourceResolvable: codes [registerRequest.email,email]; arguments []; default message [email]]; default message [Email is required]] [Field error in object 'registerRequest' on field 'password': rejected value []; codes [NotBlank.registerRequest.password,NotBlank.password,NotBlank.java.lang.String,NotBlank]; arguments [org.springframework.context.support.DefaultMessageSourceResolvable: codes [registerRequest.password,password]; arguments []; default message [password]]; default message [Password is required]] ]
2025-05-17T17:09:44.112+05:30 DEBUG 133890 --- [           main] o.s.s.w.a.AnonymousAuthenticationFilter  : Set SecurityContextHolder to anonymous SecurityContext
]]></system-out>
  </testcase>
  <testcase name="loginSuccess" classname="com.hospital.controller.AuthControllerTest" time="0.016">
    <system-out><![CDATA[2025-05-17T17:09:44.125+05:30 DEBUG 133890 --- [           main] o.s.security.web.FilterChainProxy        : Securing POST /api/auth/login
2025-05-17T17:09:44.126+05:30 DEBUG 133890 --- [           main] o.s.security.web.FilterChainProxy        : Secured POST /api/auth/login
2025-05-17T17:09:44.126+05:30 DEBUG 133890 --- [           main] s.w.s.m.m.a.RequestMappingHandlerMapping : Mapped to com.hospital.controller.AuthController#login(LoginRequest)
2025-05-17T17:09:44.127+05:30 DEBUG 133890 --- [           main] m.m.a.RequestResponseBodyMethodProcessor : Read "application/json;charset=UTF-8" to [LoginRequest(email=test@example.com, password=password123, role=PATIENT)]
2025-05-17T17:09:44.129+05:30 DEBUG 133890 --- [           main] o.s.w.s.m.m.a.HttpEntityMethodProcessor  : Using 'application/json', given [*/*] and supported [application/json, application/*+json]
2025-05-17T17:09:44.129+05:30 DEBUG 133890 --- [           main] o.s.w.s.m.m.a.HttpEntityMethodProcessor  : Writing [JwtAuthResponse(token=dummy.jwt.token, tokenType=Bearer, username=testuser, email=test@example.com,  (truncated)...]
2025-05-17T17:09:44.130+05:30 DEBUG 133890 --- [           main] o.s.s.w.a.AnonymousAuthenticationFilter  : Set SecurityContextHolder to anonymous SecurityContext
]]></system-out>
  </testcase>
</testsuite>